<?xml version="1.0" encoding="UTF-8"?>
<!-- Generated by org.testng.reporters.JUnitReportReporter -->
<testsuite skipped="0" hostname="DESKTOP-8GVID27" name="Framework.TestNG.Practice1" tests="5" failures="0" timestamp="02 Jun 2019 20:11:36 GMT" time="36.296" errors="0">
  <testcase name="loginWithIncPassANDEmail" time="7.143" classname="Framework.TestNG.Practice1"/>
  <testcase name="testLogIn3" time="8.426" classname="Framework.TestNG.Practice1"/>
  <testcase name="clickOnShopingCart" time="6.769" classname="Framework.TestNG.Practice1"/>
  <testcase name="testLogIn1" time="7.121" classname="Framework.TestNG.Practice1"/>
  <testcase name="testLogIn2" time="6.837" classname="Framework.TestNG.Practice1"/>
</testsuite> <!-- Framework.TestNG.Practice1 -->
