<?xml version="1.0" encoding="UTF-8"?>
<!-- Generated by org.testng.reporters.JUnitReportReporter -->
<testsuite skipped="0" hostname="DESKTOP-8GVID27" name="Framework.TestNG.Practice2" tests="3" failures="0" timestamp="02 Jun 2019 20:23:48 GMT" time="13.000" errors="0">
  <testcase name="addSecondItem" time="2.903" classname="Framework.TestNG.Practice2"/>
  <testcase name="addFirstItem" time="7.153" classname="Framework.TestNG.Practice2"/>
  <testcase name="addThirdItem" time="2.944" classname="Framework.TestNG.Practice2"/>
</testsuite> <!-- Framework.TestNG.Practice2 -->
